<?xml version="1.0" encoding="UTF-8"?>
<testsuite xmlns:xsi="http://www.w3.org/2001/XMLSchema-instance" xsi:noNamespaceSchemaLocation="https://maven.apache.org/surefire/maven-surefire-plugin/xsd/surefire-test-report.xsd" version="3.0.2" name="com.spayker.crypto.analysis.service.data.CandleHistoryManagerTest" time="0.15" tests="2" errors="0" skipped="0" failures="0">
  <properties>
[...]
</properties>
  <testcase name="initTradeHistory_shouldReplaceEntryAndStoreNewKlines" classname="com.spayker.crypto.analysis.service.data.CandleHistoryManagerTest" time="0.14"/>
  <testcase name="initCandleStickHistoryByPairName_shouldAppendTargetSymbolAndStoreResults" classname="com.spayker.crypto.analysis.service.data.CandleHistoryManagerTest" time="0.01"/>
</testsuite>